This is pdfTeX, Version 3.141592653-2.6-1.40.22 (MiKTeX 21.2) (preloaded format=pdflatex 2021.4.30)  15 JUN 2021 20:40
entering extended mode
**./Main.tex
(Main.tex
LaTeX2e <2020-10-01> patch level 4
L3 programming layer <2021-02-18> xparse <2020-03-03>
(C:\Users\Maxi-PC\AppData\Local\Programs\MiKTeX\tex/latex/base\article.cls
Document Class: article 2020/04/10 v1.4m Standard LaTeX document class
(C:\Users\Maxi-PC\AppData\Local\Programs\MiKTeX\tex/latex/base\size10.clo
File: size10.clo 2020/04/10 v1.4m Standard LaTeX file (size option)
)
\c@part=\count179
\c@section=\count180
\c@subsection=\count181
\c@subsubsection=\count182
\c@paragraph=\count183
\c@subparagraph=\count184
\c@figure=\count185
\c@table=\count186
\abovecaptionskip=\skip47
\belowcaptionskip=\skip48
\bibindent=\dimen138
)
(C:\Users\Maxi-PC\AppData\Local\Programs\MiKTeX\tex/latex/base\inputenc.sty
Package: inputenc 2020/08/01 v1.3d Input encoding file
\inpenc@prehook=\toks15
\inpenc@posthook=\toks16
)
(C:\Users\Maxi-PC\AppData\Local\Programs\MiKTeX\tex/latex/pythonhighlight\pytho
nhighlight.sty
Package: pythonhighlight 2017/02/09 python code highlighting; provided by Olivi
er Verdier <olivier.verdier@gmail.com>

(C:\Users\Maxi-PC\AppData\Local\Programs\MiKTeX\tex/latex/listings\listings.sty
(C:\Users\Maxi-PC\AppData\Local\Programs\MiKTeX\tex/latex/graphics\keyval.sty
Package: keyval 2014/10/28 v1.15 key=value parser (DPC)
\KV@toks@=\toks17
)
\lst@mode=\count187
\lst@gtempboxa=\box47
\lst@token=\toks18
\lst@length=\count188
\lst@currlwidth=\dimen139
\lst@column=\count189
\lst@pos=\count190
\lst@lostspace=\dimen140
\lst@width=\dimen141
\lst@newlines=\count191
\lst@lineno=\count192
\lst@maxwidth=\dimen142

(C:\Users\Maxi-PC\AppData\Local\Programs\MiKTeX\tex/latex/listings\lstmisc.sty
File: lstmisc.sty 2020/03/24 1.8d (Carsten Heinz)
\c@lstnumber=\count193
\lst@skipnumbers=\count194
\lst@framebox=\box48
)
(C:\Users\Maxi-PC\AppData\Local\Programs\MiKTeX\tex/latex/listings\listings.cfg
File: listings.cfg 2020/03/24 1.8d listings configuration
))
Package: listings 2020/03/24 1.8d (Carsten Heinz)
 (C:\Users\Maxi-PC\AppData\Local\Programs\MiKTeX\tex/latex/xcolor\xcolor.sty
Package: xcolor 2016/05/11 v2.12 LaTeX color extensions (UK)

(C:\Users\Maxi-PC\AppData\Local\Programs\MiKTeX\tex/latex/graphics-cfg\color.cf
g
File: color.cfg 2016/01/02 v1.6 sample color configuration
)
Package xcolor Info: Driver file: pdftex.def on input line 225.

(C:\Users\Maxi-PC\AppData\Local\Programs\MiKTeX\tex/latex/graphics-def\pdftex.d
ef
File: pdftex.def 2020/10/05 v1.2a Graphics/color driver for pdftex
)
Package xcolor Info: Model `cmy' substituted by `cmy0' on input line 1348.
Package xcolor Info: Model `hsb' substituted by `rgb' on input line 1352.
Package xcolor Info: Model `RGB' extended on input line 1364.
Package xcolor Info: Model `HTML' substituted by `rgb' on input line 1366.
Package xcolor Info: Model `Hsb' substituted by `hsb' on input line 1367.
Package xcolor Info: Model `tHsb' substituted by `hsb' on input line 1368.
Package xcolor Info: Model `HSB' substituted by `hsb' on input line 1369.
Package xcolor Info: Model `Gray' substituted by `gray' on input line 1370.
Package xcolor Info: Model `wave' substituted by `hsb' on input line 1371.
))
(C:\Users\Maxi-PC\AppData\Local\Programs\MiKTeX\tex/latex/graphics\graphicx.sty
Package: graphicx 2020/09/09 v1.2b Enhanced LaTeX Graphics (DPC,SPQR)

(C:\Users\Maxi-PC\AppData\Local\Programs\MiKTeX\tex/latex/graphics\graphics.sty
Package: graphics 2020/08/30 v1.4c Standard LaTeX Graphics (DPC,SPQR)
(C:\Users\Maxi-PC\AppData\Local\Programs\MiKTeX\tex/latex/graphics\trig.sty
Package: trig 2016/01/03 v1.10 sin cos tan (DPC)
)
(C:\Users\Maxi-PC\AppData\Local\Programs\MiKTeX\tex/latex/graphics-cfg\graphics
.cfg
File: graphics.cfg 2016/06/04 v1.11 sample graphics configuration
)
Package graphics Info: Driver file: pdftex.def on input line 105.
)
\Gin@req@height=\dimen143
\Gin@req@width=\dimen144
)
(C:\Users\Maxi-PC\AppData\Local\Programs\MiKTeX\tex/latex/amsmath\amsmath.sty
Package: amsmath 2020/09/23 v2.17i AMS math features
\@mathmargin=\skip49

For additional information on amsmath, use the `?' option.
(C:\Users\Maxi-PC\AppData\Local\Programs\MiKTeX\tex/latex/amsmath\amstext.sty
Package: amstext 2000/06/29 v2.01 AMS text

(C:\Users\Maxi-PC\AppData\Local\Programs\MiKTeX\tex/latex/amsmath\amsgen.sty
File: amsgen.sty 1999/11/30 v2.0 generic functions
\@emptytoks=\toks19
\ex@=\dimen145
))
(C:\Users\Maxi-PC\AppData\Local\Programs\MiKTeX\tex/latex/amsmath\amsbsy.sty
Package: amsbsy 1999/11/29 v1.2d Bold Symbols
\pmbraise@=\dimen146
)
(C:\Users\Maxi-PC\AppData\Local\Programs\MiKTeX\tex/latex/amsmath\amsopn.sty
Package: amsopn 2016/03/08 v2.02 operator names
)
\inf@bad=\count195
LaTeX Info: Redefining \frac on input line 234.
\uproot@=\count196
\leftroot@=\count197
LaTeX Info: Redefining \overline on input line 399.
\classnum@=\count198
\DOTSCASE@=\count199
LaTeX Info: Redefining \ldots on input line 496.
LaTeX Info: Redefining \dots on input line 499.
LaTeX Info: Redefining \cdots on input line 620.
\Mathstrutbox@=\box49
\strutbox@=\box50
\big@size=\dimen147
LaTeX Font Info:    Redeclaring font encoding OML on input line 743.
LaTeX Font Info:    Redeclaring font encoding OMS on input line 744.
\macc@depth=\count266
\c@MaxMatrixCols=\count267
\dotsspace@=\muskip16
\c@parentequation=\count268
\dspbrk@lvl=\count269
\tag@help=\toks20
\row@=\count270
\column@=\count271
\maxfields@=\count272
\andhelp@=\toks21
\eqnshift@=\dimen148
\alignsep@=\dimen149
\tagshift@=\dimen150
\tagwidth@=\dimen151
\totwidth@=\dimen152
\lineht@=\dimen153
\@envbody=\toks22
\multlinegap=\skip50
\multlinetaggap=\skip51
\mathdisplay@stack=\toks23
LaTeX Info: Redefining \[ on input line 2923.
LaTeX Info: Redefining \] on input line 2924.
)
(C:\Users\Maxi-PC\AppData\Local\Programs\MiKTeX\tex/latex/caption\caption.sty
Package: caption 2020/10/26 v3.5g Customizing captions (AR)

(C:\Users\Maxi-PC\AppData\Local\Programs\MiKTeX\tex/latex/caption\caption3.sty
Package: caption3 2020/10/21 v2.2e caption3 kernel (AR)
\captionmargin=\dimen154
\captionmargin@=\dimen155
\captionwidth=\dimen156
\caption@tempdima=\dimen157
\caption@indent=\dimen158
\caption@parindent=\dimen159
\caption@hangindent=\dimen160
Package caption Info: Standard document class detected.
)
\c@caption@flags=\count273
\c@continuedfloat=\count274
Package caption Info: listings package is loaded.
)
(C:\Users\Maxi-PC\AppData\Local\Programs\MiKTeX\tex/latex/l3backend\l3backend-p
dftex.def
File: l3backend-pdftex.def 2021-02-18 L3 backend support: PDF output (pdfTeX)
\l__color_backend_stack_int=\count275
\l__pdf_internal_box=\box51
) (Main.aux)
\openout1 = `Main.aux'.

LaTeX Font Info:    Checking defaults for OML/cmm/m/it on input line 13.
LaTeX Font Info:    ... okay on input line 13.
LaTeX Font Info:    Checking defaults for OMS/cmsy/m/n on input line 13.
LaTeX Font Info:    ... okay on input line 13.
LaTeX Font Info:    Checking defaults for OT1/cmr/m/n on input line 13.
LaTeX Font Info:    ... okay on input line 13.
LaTeX Font Info:    Checking defaults for T1/cmr/m/n on input line 13.
LaTeX Font Info:    ... okay on input line 13.
LaTeX Font Info:    Checking defaults for TS1/cmr/m/n on input line 13.
LaTeX Font Info:    ... okay on input line 13.
LaTeX Font Info:    Checking defaults for OMX/cmex/m/n on input line 13.
LaTeX Font Info:    ... okay on input line 13.
LaTeX Font Info:    Checking defaults for U/cmr/m/n on input line 13.
LaTeX Font Info:    ... okay on input line 13.
\c@lstlisting=\count276

(C:\Users\Maxi-PC\AppData\Local\Programs\MiKTeX\tex/context/base/mkii\supp-pdf.
mkii
[Loading MPS to PDF converter (version 2006.09.02).]
\scratchcounter=\count277
\scratchdimen=\dimen161
\scratchbox=\box52
\nofMPsegments=\count278
\nofMParguments=\count279
\everyMPshowfont=\toks24
\MPscratchCnt=\count280
\MPscratchDim=\dimen162
\MPnumerator=\count281
\makeMPintoPDFobject=\count282
\everyMPtoPDFconversion=\toks25
)
(C:\Users\Maxi-PC\AppData\Local\Programs\MiKTeX\tex/latex/epstopdf-pkg\epstopdf
-base.sty
Package: epstopdf-base 2020-01-24 v2.11 Base part for package epstopdf
Package epstopdf-base Info: Redefining graphics rule for `.eps' on input line 4
85.
)
Package caption Info: Begin \AtBeginDocument code.
Package caption Info: End \AtBeginDocument code.

(C:\Users\Maxi-PC\AppData\Local\Programs\MiKTeX\tex/latex/listings\lstlang1.sty
File: lstlang1.sty 2020/03/24 1.8d listings language file
)
LaTeX Font Info:    Font shape `OT1/cmtt/bx/n' in size <8> not available
(Font)              Font shape `OT1/cmtt/m/n' tried instead on input line 21.

Underfull \hbox (badness 10000) in paragraph at lines 44--50

 []

[1

{C:/Users/Maxi-PC/AppData/Local/MiKTeX/pdftex/config/pdftex.map}]
<Graph1.png, id=11, 533.49312pt x 504.38437pt>
File: Graph1.png Graphic file (type png)
<use Graph1.png>
Package pdftex.def Info: Graph1.png  used on input line 64.
(pdftex.def)             Requested size: 310.4979pt x 293.56674pt.
 [2 <./Graph1.png>]
Underfull \hbox (badness 10000) in paragraph at lines 84--86

 []

[3]
<3b1.png, id=29, 181.67876pt x 95.35625pt>
File: 3b1.png Graphic file (type png)
<use 3b1.png>
Package pdftex.def Info: 3b1.png  used on input line 122.
(pdftex.def)             Requested size: 181.6783pt x 95.356pt.
<3b2.png, id=30, 258.9675pt x 100.87688pt>
File: 3b2.png Graphic file (type png)
<use 3b2.png>
Package pdftex.def Info: 3b2.png  used on input line 123.
(pdftex.def)             Requested size: 258.96684pt x 100.87662pt.
<3b3.png, id=31, 329.23pt x 208.27812pt>
File: 3b3.png Graphic file (type png)
<use 3b3.png>
Package pdftex.def Info: 3b3.png  used on input line 131.
(pdftex.def)             Requested size: 329.22919pt x 208.2776pt.

Overfull \hbox (11.40637pt too wide) in paragraph at lines 121--134
\OML/cmm/m/it/10 C\OT1/cmr/m/n/10 1\OML/cmm/m/it/10 MaxLikelihood \OT1/cmr/m/n/
10 : 53\OML/cmm/m/it/10 :\OT1/cmr/m/n/10 60138072754072; \OML/cmm/m/it/10 C\OT1
/cmr/m/n/10 2\OML/cmm/m/it/10 MaxLikelihood \OT1/cmr/m/n/10 : 230\OML/cmm/m/it/
10 :\OT1/cmr/m/n/10 85569153085527$ 
 []

[4]
<Histogram1.png, id=35, 306.14375pt x 236.885pt>
File: Histogram1.png Graphic file (type png)
<use Histogram1.png>
Package pdftex.def Info: Histogram1.png  used on input line 138.
(pdftex.def)             Requested size: 306.14299pt x 236.88441pt.
<Histogram2.png, id=36, 301.125pt x 238.8925pt>
File: Histogram2.png Graphic file (type png)
<use Histogram2.png>
Package pdftex.def Info: Histogram2.png  used on input line 139.
(pdftex.def)             Requested size: 301.12425pt x 238.8919pt.
<Histogram3.png, id=37, 300.12125pt x 223.83624pt>
File: Histogram3.png Graphic file (type png)
<use Histogram3.png>
Package pdftex.def Info: Histogram3.png  used on input line 140.
(pdftex.def)             Requested size: 300.12051pt x 223.8357pt.
 [5 <./3b1.png> <./3b2.png> <./3b3.png>] [6 <./Histogram1.png> <./Histogram2.pn
g>] (Histogram.py
LaTeX Font Info:    Trying to load font information for OMS+cmr on input line 2
.

(C:\Users\Maxi-PC\AppData\Local\Programs\MiKTeX\tex/latex/base\omscmr.fd
File: omscmr.fd 2019/12/16 v2.5j Standard LaTeX font definitions
)
LaTeX Font Info:    Font shape `OMS/cmr/m/n' in size <10> not available
(Font)              Font shape `OMS/cmsy/m/n' tried instead on input line 2.

Overfull \hbox (9.0036pt too wide) in paragraph at lines 2--3
[][][][][][][][][][][][][][][][][][][][][][][][][] 
 []


Overfull \hbox (183.00537pt too wide) in paragraph at lines 12--13
[][][][][][][][][][][][][][][][][][][][][][][][][][][][][][][][] 
 []

)
<kde.png, id=51, 450.68375pt x 335.2525pt>
File: kde.png Graphic file (type png)
<use kde.png>
Package pdftex.def Info: kde.png  used on input line 146.
(pdftex.def)             Requested size: 450.68263pt x 335.25168pt.

Overfull \hbox (105.68263pt too wide) in paragraph at lines 146--148
[] 
 []

[7 <./Histogram3.png>] (kde.py
Overfull \hbox (39.0039pt too wide) in paragraph at lines 6--7
[][][][][][][][][][][][][][][][][][][][][][][][][][][][][][][][][][][][] 
 []

[8 <./kde.png>]
Overfull \hbox (3.00354pt too wide) in paragraph at lines 18--20
[][][][][][][][][][][][][][][][][][][][][][] 
 []


Overfull \hbox (3.00354pt too wide) in paragraph at lines 22--24
[][][][][][][][][][][][][][][][][][][][][][] 
 []

)
<knn.png, id=63, 450.68375pt x 346.29375pt>
File: knn.png Graphic file (type png)
<use knn.png>
Package pdftex.def Info: knn.png  used on input line 151.
(pdftex.def)             Requested size: 450.68263pt x 346.2929pt.

Overfull \hbox (105.68263pt too wide) in paragraph at lines 151--153
[] 
 []

[9] (knn.py
Overfull \hbox (69.00421pt too wide) in paragraph at lines 10--11
[][][][][][][][][][][][][][][][][] 
 []

[10 <./knn.png>]
Overfull \hbox (21.00372pt too wide) in paragraph at lines 16--18
[][][][][][][][][][][][][][][][][][][][][][] 
 []


Overfull \hbox (21.00372pt too wide) in paragraph at lines 18--20
[][][][][][][][][][][][][][][][][][][][][][][][][][][][][] 
 []

)
<vergleich1.png, id=71, 372.39125pt x 123.46124pt>
File: vergleich1.png Graphic file (type png)
<use vergleich1.png>
Package pdftex.def Info: vergleich1.png  used on input line 157.
(pdftex.def)             Requested size: 372.39034pt x 123.46092pt.
<vergleich2.png, id=72, 368.37625pt x 121.45375pt>
File: vergleich2.png Graphic file (type png)
<use vergleich2.png>
Package pdftex.def Info: vergleich2.png  used on input line 158.
(pdftex.def)             Requested size: 368.37534pt x 121.45343pt.

Overfull \hbox (27.39034pt too wide) in paragraph at lines 157--160
[] 
 []


Overfull \hbox (23.37534pt too wide) in paragraph at lines 157--160
[] 
 []


Overfull \hbox (47.30504pt too wide) in paragraph at lines 163--170
\OT1/cmr/m/n/10 - Com-pute the E-Step us-ing Gaus-sian $\OML/cmm/m/it/10 E \OT1
/cmr/m/n/10 = \OML/cmm/m/it/10 Q\OT1/cmr/m/n/10 (\OML/cmm/m/it/10 ; \OT1/cmr/m
/n/10 []) = [[][] ]\OML/cmm/m/it/10 P\OT1/cmr/m/n/10 (\OML/cmm/m/it/10 Y\OMS/c
msy/m/n/10 j\OML/cmm/m/it/10 X; \OT1/cmr/m/n/10 [])\OML/cmm/m/it/10 logP\OT1/c
mr/m/n/10 (\OML/cmm/m/it/10 X; Y\OMS/cmsy/m/n/10 j\OT1/cmr/m/n/10 )\OML/cmm/m/
it/10 dy$ 
 []

[11 <./vergleich1.png> <./vergleich2.png>]
<em1.png, id=78, 437.635pt x 328.22626pt>
File: em1.png Graphic file (type png)
<use em1.png>
Package pdftex.def Info: em1.png  used on input line 172.
(pdftex.def)             Requested size: 437.63393pt x 328.22545pt.
<em3.png, id=79, 438.63875pt x 336.25626pt>
File: em3.png Graphic file (type png)
<use em3.png>
Package pdftex.def Info: em3.png  used on input line 173.
(pdftex.def)             Requested size: 438.63766pt x 336.25543pt.
<em5.png, id=80, 447.6725pt x 338.26375pt>
File: em5.png Graphic file (type png)
<use em5.png>
Package pdftex.def Info: em5.png  used on input line 174.
(pdftex.def)             Requested size: 447.6714pt x 338.26291pt.
<em10.png, id=81, 428.60126pt x 318.18875pt>
File: em10.png Graphic file (type png)
<use em10.png>
Package pdftex.def Info: em10.png  used on input line 175.
(pdftex.def)             Requested size: 428.6002pt x 318.18796pt.
<em30.png, id=82, 446.66875pt x 341.275pt>
File: em30.png Graphic file (type png)
<use em30.png>
Package pdftex.def Info: em30.png  used on input line 176.
(pdftex.def)             Requested size: 446.66765pt x 341.27415pt.
<emll.png, id=83, 454.69875pt x 341.275pt>
File: emll.png Graphic file (type png)
<use emll.png>
Package pdftex.def Info: emll.png  used on input line 177.
(pdftex.def)             Requested size: 454.69763pt x 341.27415pt.

Overfull \hbox (92.63393pt too wide) in paragraph at lines 172--178
[] 
 []


Overfull \hbox (93.63766pt too wide) in paragraph at lines 172--178
[] 
 []


Overfull \hbox (102.6714pt too wide) in paragraph at lines 172--178
[] 
 []


Overfull \hbox (83.6002pt too wide) in paragraph at lines 172--178
[] 
 []


Overfull \hbox (101.66765pt too wide) in paragraph at lines 172--178
[] 
 []


Overfull \hbox (109.69763pt too wide) in paragraph at lines 172--178
[] 
 []


Underfull \hbox (badness 10000) in paragraph at lines 172--178

 []

[12]
Overfull \vbox (135.9392pt too high) has occurred while \output is active []


[13 <./em1.png> <./em3.png>] [14 <./em5.png>] [15 <./em10.png>] [16 <./em30.png
>] (em.py
Overfull \hbox (27.00378pt too wide) in paragraph at lines 8--9
[][][][][][][][][][][][][][][][][][][][][][][][][][] 
 []

[17 <./emll.png>]
Overfull \hbox (45.00397pt too wide) in paragraph at lines 20--22
[][][][][][][][][][][][][][][][][][][][][][][][][] 
 []


Overfull \hbox (75.00427pt too wide) in paragraph at lines 33--34
[][][][][][][][][][][][][][][][][][][][][][][][][][][][][][][][][][][][][][][][
][][][][] 
 []


Overfull \hbox (81.00433pt too wide) in paragraph at lines 50--51
[][][][][][][][][][][][][][][][][][][][][][][][][][][][][][][][][][][][][] 
 []


Overfull \hbox (63.00415pt too wide) in paragraph at lines 51--53
[][][][][][][][][][][][][][][][][][][][][][][][][][][][][][][][][][] 
 []


Overfull \hbox (3.00354pt too wide) in paragraph at lines 58--60
[][][][][][][][][][][][][][][][][][][][][][][][][][][][][][][] 
 []


Overfull \hbox (21.00372pt too wide) in paragraph at lines 63--64
[][][][][][][][][][][][][][][][][][][][][][][][][][][][][][][][] 
 []

[18]
Overfull \hbox (21.00372pt too wide) in paragraph at lines 65--66
[][][][][][][][][][][][][][][][][][][][][][][][][][][][][][][][] 
 []


Overfull \hbox (57.00409pt too wide) in paragraph at lines 72--73
[][][][][][][][][][][][][][][][][][][][][][][][][][][][] 
 []

) [19] (Main.aux) ) 
Here is how much of TeX's memory you used:
 5908 strings out of 479334
 86010 string characters out of 2856134
 788022 words of memory out of 3000000
 23311 multiletter control sequences out of 15000+200000
 410606 words of font info for 53 fonts, out of 3000000 for 9000
 1141 hyphenation exceptions out of 8191
 68i,8n,74p,457b,1683s stack positions out of 5000i,500n,10000p,200000b,50000s
 <C:\Users\Maxi-PC\AppData\Local\MiKTeX\fonts/pk/ljfour/jkna
ppen/ec/dpi600\tcrm1000.pk><C:/Users/Maxi-PC/AppData/Local/Programs/MiKTeX/font
s/type1/public/amsfonts/cm/cmbx10.pfb><C:/Users/Maxi-PC/AppData/Local/Programs/
MiKTeX/fonts/type1/public/amsfonts/cm/cmbx12.pfb><C:/Users/Maxi-PC/AppData/Loca
l/Programs/MiKTeX/fonts/type1/public/amsfonts/cm/cmbx9.pfb><C:/Users/Maxi-PC/Ap
pData/Local/Programs/MiKTeX/fonts/type1/public/amsfonts/cm/cmex10.pfb><C:/Users
/Maxi-PC/AppData/Local/Programs/MiKTeX/fonts/type1/public/amsfonts/cm/cmmi10.pf
b><C:/Users/Maxi-PC/AppData/Local/Programs/MiKTeX/fonts/type1/public/amsfonts/c
m/cmmi5.pfb><C:/Users/Maxi-PC/AppData/Local/Programs/MiKTeX/fonts/type1/public/
amsfonts/cm/cmmi7.pfb><C:/Users/Maxi-PC/AppData/Local/Programs/MiKTeX/fonts/typ
e1/public/amsfonts/cm/cmr10.pfb><C:/Users/Maxi-PC/AppData/Local/Programs/MiKTeX
/fonts/type1/public/amsfonts/cm/cmr12.pfb><C:/Users/Maxi-PC/AppData/Local/Progr
ams/MiKTeX/fonts/type1/public/amsfonts/cm/cmr17.pfb><C:/Users/Maxi-PC/AppData/L
ocal/Programs/MiKTeX/fonts/type1/public/amsfonts/cm/cmr5.pfb><C:/Users/Maxi-PC/
AppData/Local/Programs/MiKTeX/fonts/type1/public/amsfonts/cm/cmr7.pfb><C:/Users
/Maxi-PC/AppData/Local/Programs/MiKTeX/fonts/type1/public/amsfonts/cm/cmr9.pfb>
<C:/Users/Maxi-PC/AppData/Local/Programs/MiKTeX/fonts/type1/public/amsfonts/cm/
cmsltt10.pfb><C:/Users/Maxi-PC/AppData/Local/Programs/MiKTeX/fonts/type1/public
/amsfonts/cm/cmsy10.pfb><C:/Users/Maxi-PC/AppData/Local/Programs/MiKTeX/fonts/t
ype1/public/amsfonts/cm/cmsy5.pfb><C:/Users/Maxi-PC/AppData/Local/Programs/MiKT
eX/fonts/type1/public/amsfonts/cm/cmsy7.pfb><C:/Users/Maxi-PC/AppData/Local/Pro
grams/MiKTeX/fonts/type1/public/amsfonts/cm/cmti10.pfb><C:/Users/Maxi-PC/AppDat
a/Local/Programs/MiKTeX/fonts/type1/public/amsfonts/cm/cmtt8.pfb>
Output written on Main.pdf (19 pages, 598002 bytes).
PDF statistics:
 182 PDF objects out of 1000 (max. 8388607)
 0 named destinations out of 1000 (max. 500000)
 86 words of extra memory for PDF output out of 10000 (max. 10000000)

